{"level":"info","message":"Listening on port 3900...","timestamp":"2019-03-05T20:58:29.058Z"}
{"level":"info","message":"Connected to mongodb://localhost/my-example-app...","timestamp":"2019-03-05T20:58:29.096Z"}
{"level":"info","message":"Listening on port 3900...","timestamp":"2019-03-05T21:02:07.130Z"}
{"level":"info","message":"Connected to mongodb://localhost/my-example-app...","timestamp":"2019-03-05T21:02:07.162Z"}
{"level":"info","message":"Listening on port 3900...","timestamp":"2019-03-05T21:02:50.892Z"}
{"level":"info","message":"Connected to mongodb://localhost/my-example-app...","timestamp":"2019-03-05T21:02:50.924Z"}
{"level":"info","message":"Listening on port 3900...","timestamp":"2019-03-05T21:05:27.661Z"}
{"level":"info","message":"Connected to mongodb://localhost/my-example-app...","timestamp":"2019-03-05T21:05:27.694Z"}
{"level":"info","message":"Listening on port 3900...","timestamp":"2019-03-05T21:12:41.632Z"}
{"level":"info","message":"Connected to mongodb://localhost/my-example-app...","timestamp":"2019-03-05T21:12:41.667Z"}
{"level":"info","message":"Listening on port 3900...","timestamp":"2019-03-05T21:41:52.494Z"}
{"level":"info","message":"Connected to mongodb://localhost/my-example-app...","timestamp":"2019-03-05T21:41:52.533Z"}
{"level":"info","message":"Listening on port 3900...","timestamp":"2019-03-05T21:42:01.409Z"}
{"level":"info","message":"Connected to mongodb://localhost/my-example-app...","timestamp":"2019-03-05T21:42:01.450Z"}
{"level":"info","message":"Listening on port 3900...","timestamp":"2019-03-05T23:08:23.942Z"}
{"level":"info","message":"Connected to mongodb://localhost/my-example-app...","timestamp":"2019-03-05T23:08:23.975Z"}
{"level":"info","message":"Listening on port 3900...","timestamp":"2019-03-05T23:08:29.925Z"}
{"level":"info","message":"Connected to mongodb://localhost/my-example-app...","timestamp":"2019-03-05T23:08:29.957Z"}
{"level":"info","message":"Listening on port 3900...","timestamp":"2019-03-05T23:15:41.566Z"}
{"level":"info","message":"Connected to mongodb://localhost/my-example-app...","timestamp":"2019-03-05T23:15:41.600Z"}
{"level":"info","message":"Listening on port 3900...","timestamp":"2019-03-05T23:21:34.054Z"}
{"level":"info","message":"Connected to mongodb://localhost/my-example-app...","timestamp":"2019-03-05T23:21:34.085Z"}
{"level":"info","message":"Listening on port 3900...","timestamp":"2019-03-06T22:33:28.380Z"}
{"level":"info","message":"Listening on port 3900...","timestamp":"2019-03-06T22:34:04.222Z"}
{"level":"info","message":"Connected to mongodb://localhost/my-example-app...","timestamp":"2019-03-06T22:34:04.254Z"}
{"level":"info","message":"Listening on port 3900...","timestamp":"2019-03-06T22:48:55.518Z"}
{"level":"info","message":"Connected to mongodb://localhost/my-example-app...","timestamp":"2019-03-06T22:48:55.551Z"}
{"level":"info","message":"Listening on port 3900...","timestamp":"2019-03-06T22:50:00.810Z"}
{"level":"info","message":"Connected to mongodb://localhost/my-example-app...","timestamp":"2019-03-06T22:50:00.845Z"}
{"message":"Cannot read property '_id' of undefined","stack":"TypeError: Cannot read property '_id' of undefined\n    at router.get (/Users/tlile1429/Desktop/my-example-app/routes/users.js:10:45)\n    at /Users/tlile1429/Desktop/my-example-app/node_modules/express-async-errors/index.js:17:20\n    at Layer.handle [as handle_request] (/Users/tlile1429/Desktop/my-example-app/node_modules/express/lib/router/layer.js:95:5)\n    at next (/Users/tlile1429/Desktop/my-example-app/node_modules/express/lib/router/route.js:137:13)\n    at module.exports (/Users/tlile1429/Desktop/my-example-app/middleware/auth.js:5:43)\n    at /Users/tlile1429/Desktop/my-example-app/node_modules/express-async-errors/index.js:17:20\n    at Layer.handle [as handle_request] (/Users/tlile1429/Desktop/my-example-app/node_modules/express/lib/router/layer.js:95:5)\n    at next (/Users/tlile1429/Desktop/my-example-app/node_modules/express/lib/router/route.js:137:13)\n    at Route.dispatch (/Users/tlile1429/Desktop/my-example-app/node_modules/express/lib/router/route.js:112:3)\n    at /Users/tlile1429/Desktop/my-example-app/node_modules/express-async-errors/index.js:17:20\n    at Layer.handle [as handle_request] (/Users/tlile1429/Desktop/my-example-app/node_modules/express/lib/router/layer.js:95:5)\n    at /Users/tlile1429/Desktop/my-example-app/node_modules/express/lib/router/index.js:281:22\n    at Function.process_params (/Users/tlile1429/Desktop/my-example-app/node_modules/express/lib/router/index.js:335:12)\n    at next (/Users/tlile1429/Desktop/my-example-app/node_modules/express/lib/router/index.js:275:10)\n    at Function.handle (/Users/tlile1429/Desktop/my-example-app/node_modules/express/lib/router/index.js:174:3)\n    at router (/Users/tlile1429/Desktop/my-example-app/node_modules/express/lib/router/index.js:47:12)","level":"error","timestamp":"2019-03-06T22:51:21.653Z"}
{"level":"info","message":"Listening on port 3900...","timestamp":"2019-03-06T22:52:56.591Z"}
{"level":"info","message":"Connected to mongodb://localhost/my-example-app...","timestamp":"2019-03-06T22:52:56.624Z"}
{"level":"info","message":"Listening on port 3900...","timestamp":"2019-03-06T23:02:22.115Z"}
{"level":"info","message":"Connected to mongodb://localhost/my-example-app...","timestamp":"2019-03-06T23:02:22.147Z"}
{"level":"info","message":"Listening on port 3900...","timestamp":"2019-03-06T23:04:00.340Z"}
{"level":"info","message":"Connected to mongodb://localhost/my-example-app...","timestamp":"2019-03-06T23:04:00.373Z"}
{"level":"info","message":"Listening on port 3900...","timestamp":"2019-03-06T23:04:02.651Z"}
{"level":"info","message":"Connected to mongodb://localhost/my-example-app...","timestamp":"2019-03-06T23:04:02.683Z"}
{"level":"info","message":"Listening on port 3900...","timestamp":"2019-03-06T23:04:22.235Z"}
{"level":"info","message":"Connected to mongodb://localhost/my-example-app...","timestamp":"2019-03-06T23:04:22.272Z"}
{"level":"info","message":"Listening on port 3900...","timestamp":"2019-03-06T23:10:29.663Z"}
{"level":"info","message":"Connected to mongodb://localhost/my-example-app...","timestamp":"2019-03-06T23:10:29.696Z"}
{"level":"info","message":"Listening on port 3900...","timestamp":"2019-03-06T23:24:07.405Z"}
{"level":"info","message":"Connected to mongodb://localhost/my-example-app...","timestamp":"2019-03-06T23:24:07.438Z"}
{"message":"_ is not defined","stack":"ReferenceError: _ is not defined\n    at router.post (/Users/tlile1429/Desktop/my-example-app/routes/auth.js:22:11)","level":"error","timestamp":"2019-03-06T23:24:17.589Z"}
{"level":"info","message":"Listening on port 3900...","timestamp":"2019-03-06T23:25:56.660Z"}
{"level":"info","message":"Connected to mongodb://localhost/my-example-app...","timestamp":"2019-03-06T23:25:56.694Z"}
{"level":"info","message":"Listening on port 3900...","timestamp":"2019-03-06T23:26:18.099Z"}
{"level":"info","message":"Connected to mongodb://localhost/my-example-app...","timestamp":"2019-03-06T23:26:18.136Z"}
{"level":"info","message":"Listening on port 3900...","timestamp":"2019-03-06T23:27:14.293Z"}
{"level":"info","message":"Connected to mongodb://localhost/my-example-app...","timestamp":"2019-03-06T23:27:14.329Z"}
{"level":"info","message":"Listening on port 3900...","timestamp":"2019-03-06T23:27:24.828Z"}
{"level":"info","message":"Connected to mongodb://localhost/my-example-app...","timestamp":"2019-03-06T23:27:24.861Z"}
{"message":"Parameter \"filter\" to find() must be an object, got 5c80537cd271f953a42e28eb","stack":"ObjectParameterError: Parameter \"filter\" to find() must be an object, got 5c80537cd271f953a42e28eb\n    at new ObjectParameterError (/Users/tlile1429/Desktop/my-example-app/node_modules/mongoose/lib/error/objectParameter.js:25:11)\n    at model.Query.Query.find (/Users/tlile1429/Desktop/my-example-app/node_modules/mongoose/lib/query.js:1842:16)\n    at Function.find (/Users/tlile1429/Desktop/my-example-app/node_modules/mongoose/lib/model.js:1810:13)\n    at router.get (/Users/tlile1429/Desktop/my-example-app/routes/users.js:15:28)\n    at /Users/tlile1429/Desktop/my-example-app/node_modules/express-async-errors/index.js:17:20\n    at Layer.handle [as handle_request] (/Users/tlile1429/Desktop/my-example-app/node_modules/express/lib/router/layer.js:95:5)\n    at next (/Users/tlile1429/Desktop/my-example-app/node_modules/express/lib/router/route.js:137:13)\n    at module.exports (/Users/tlile1429/Desktop/my-example-app/middleware/admin.js:8:3)\n    at /Users/tlile1429/Desktop/my-example-app/node_modules/express-async-errors/index.js:17:20\n    at Layer.handle [as handle_request] (/Users/tlile1429/Desktop/my-example-app/node_modules/express/lib/router/layer.js:95:5)\n    at next (/Users/tlile1429/Desktop/my-example-app/node_modules/express/lib/router/route.js:137:13)\n    at module.exports (/Users/tlile1429/Desktop/my-example-app/middleware/auth.js:13:5)\n    at /Users/tlile1429/Desktop/my-example-app/node_modules/express-async-errors/index.js:17:20\n    at Layer.handle [as handle_request] (/Users/tlile1429/Desktop/my-example-app/node_modules/express/lib/router/layer.js:95:5)\n    at next (/Users/tlile1429/Desktop/my-example-app/node_modules/express/lib/router/route.js:137:13)\n    at Route.dispatch (/Users/tlile1429/Desktop/my-example-app/node_modules/express/lib/router/route.js:112:3)","name":"ObjectParameterError","level":"error","timestamp":"2019-03-06T23:30:56.382Z"}
{"message":"Parameter \"filter\" to find() must be an object, got 5c80537cd271f953a42e28eb","stack":"ObjectParameterError: Parameter \"filter\" to find() must be an object, got 5c80537cd271f953a42e28eb\n    at new ObjectParameterError (/Users/tlile1429/Desktop/my-example-app/node_modules/mongoose/lib/error/objectParameter.js:25:11)\n    at model.Query.Query.find (/Users/tlile1429/Desktop/my-example-app/node_modules/mongoose/lib/query.js:1842:16)\n    at Function.find (/Users/tlile1429/Desktop/my-example-app/node_modules/mongoose/lib/model.js:1810:13)\n    at router.get (/Users/tlile1429/Desktop/my-example-app/routes/users.js:15:28)\n    at /Users/tlile1429/Desktop/my-example-app/node_modules/express-async-errors/index.js:17:20\n    at Layer.handle [as handle_request] (/Users/tlile1429/Desktop/my-example-app/node_modules/express/lib/router/layer.js:95:5)\n    at next (/Users/tlile1429/Desktop/my-example-app/node_modules/express/lib/router/route.js:137:13)\n    at module.exports (/Users/tlile1429/Desktop/my-example-app/middleware/admin.js:8:3)\n    at /Users/tlile1429/Desktop/my-example-app/node_modules/express-async-errors/index.js:17:20\n    at Layer.handle [as handle_request] (/Users/tlile1429/Desktop/my-example-app/node_modules/express/lib/router/layer.js:95:5)\n    at next (/Users/tlile1429/Desktop/my-example-app/node_modules/express/lib/router/route.js:137:13)\n    at module.exports (/Users/tlile1429/Desktop/my-example-app/middleware/auth.js:13:5)\n    at /Users/tlile1429/Desktop/my-example-app/node_modules/express-async-errors/index.js:17:20\n    at Layer.handle [as handle_request] (/Users/tlile1429/Desktop/my-example-app/node_modules/express/lib/router/layer.js:95:5)\n    at next (/Users/tlile1429/Desktop/my-example-app/node_modules/express/lib/router/route.js:137:13)\n    at Route.dispatch (/Users/tlile1429/Desktop/my-example-app/node_modules/express/lib/router/route.js:112:3)","name":"ObjectParameterError","level":"error","timestamp":"2019-03-06T23:33:24.052Z"}
{"level":"info","message":"Listening on port 3900...","timestamp":"2019-03-06T23:34:04.585Z"}
{"level":"info","message":"Connected to mongodb://localhost/my-example-app...","timestamp":"2019-03-06T23:34:04.618Z"}
{"message":"Parameter \"filter\" to find() must be an object, got 5c80537cd271f953a42e28eb","stack":"ObjectParameterError: Parameter \"filter\" to find() must be an object, got 5c80537cd271f953a42e28eb\n    at new ObjectParameterError (/Users/tlile1429/Desktop/my-example-app/node_modules/mongoose/lib/error/objectParameter.js:25:11)\n    at model.Query.Query.find (/Users/tlile1429/Desktop/my-example-app/node_modules/mongoose/lib/query.js:1842:16)\n    at Function.find (/Users/tlile1429/Desktop/my-example-app/node_modules/mongoose/lib/model.js:1810:13)\n    at router.get (/Users/tlile1429/Desktop/my-example-app/routes/users.js:15:28)\n    at /Users/tlile1429/Desktop/my-example-app/node_modules/express-async-errors/index.js:17:20\n    at Layer.handle [as handle_request] (/Users/tlile1429/Desktop/my-example-app/node_modules/express/lib/router/layer.js:95:5)\n    at next (/Users/tlile1429/Desktop/my-example-app/node_modules/express/lib/router/route.js:137:13)\n    at module.exports (/Users/tlile1429/Desktop/my-example-app/middleware/admin.js:8:3)\n    at /Users/tlile1429/Desktop/my-example-app/node_modules/express-async-errors/index.js:17:20\n    at Layer.handle [as handle_request] (/Users/tlile1429/Desktop/my-example-app/node_modules/express/lib/router/layer.js:95:5)\n    at next (/Users/tlile1429/Desktop/my-example-app/node_modules/express/lib/router/route.js:137:13)\n    at module.exports (/Users/tlile1429/Desktop/my-example-app/middleware/auth.js:13:5)\n    at /Users/tlile1429/Desktop/my-example-app/node_modules/express-async-errors/index.js:17:20\n    at Layer.handle [as handle_request] (/Users/tlile1429/Desktop/my-example-app/node_modules/express/lib/router/layer.js:95:5)\n    at next (/Users/tlile1429/Desktop/my-example-app/node_modules/express/lib/router/route.js:137:13)\n    at Route.dispatch (/Users/tlile1429/Desktop/my-example-app/node_modules/express/lib/router/route.js:112:3)","name":"ObjectParameterError","level":"error","timestamp":"2019-03-06T23:34:08.584Z"}
{"level":"info","message":"Listening on port 3900...","timestamp":"2019-03-06T23:35:27.715Z"}
{"level":"info","message":"Connected to mongodb://localhost/my-example-app...","timestamp":"2019-03-06T23:35:27.750Z"}
{"message":"Parameter \"filter\" to find() must be an object, got 5c80537cd271f953a42e28eb","stack":"ObjectParameterError: Parameter \"filter\" to find() must be an object, got 5c80537cd271f953a42e28eb\n    at new ObjectParameterError (/Users/tlile1429/Desktop/my-example-app/node_modules/mongoose/lib/error/objectParameter.js:25:11)\n    at model.Query.Query.find (/Users/tlile1429/Desktop/my-example-app/node_modules/mongoose/lib/query.js:1842:16)\n    at Function.find (/Users/tlile1429/Desktop/my-example-app/node_modules/mongoose/lib/model.js:1810:13)\n    at router.get (/Users/tlile1429/Desktop/my-example-app/routes/users.js:15:28)\n    at /Users/tlile1429/Desktop/my-example-app/node_modules/express-async-errors/index.js:17:20\n    at Layer.handle [as handle_request] (/Users/tlile1429/Desktop/my-example-app/node_modules/express/lib/router/layer.js:95:5)\n    at next (/Users/tlile1429/Desktop/my-example-app/node_modules/express/lib/router/route.js:137:13)\n    at module.exports (/Users/tlile1429/Desktop/my-example-app/middleware/admin.js:8:3)\n    at /Users/tlile1429/Desktop/my-example-app/node_modules/express-async-errors/index.js:17:20\n    at Layer.handle [as handle_request] (/Users/tlile1429/Desktop/my-example-app/node_modules/express/lib/router/layer.js:95:5)\n    at next (/Users/tlile1429/Desktop/my-example-app/node_modules/express/lib/router/route.js:137:13)\n    at module.exports (/Users/tlile1429/Desktop/my-example-app/middleware/auth.js:13:5)\n    at /Users/tlile1429/Desktop/my-example-app/node_modules/express-async-errors/index.js:17:20\n    at Layer.handle [as handle_request] (/Users/tlile1429/Desktop/my-example-app/node_modules/express/lib/router/layer.js:95:5)\n    at next (/Users/tlile1429/Desktop/my-example-app/node_modules/express/lib/router/route.js:137:13)\n    at Route.dispatch (/Users/tlile1429/Desktop/my-example-app/node_modules/express/lib/router/route.js:112:3)","name":"ObjectParameterError","level":"error","timestamp":"2019-03-06T23:35:30.891Z"}
{"level":"info","message":"Listening on port 3900...","timestamp":"2019-03-06T23:37:06.580Z"}
{"level":"info","message":"Connected to mongodb://localhost/my-example-app...","timestamp":"2019-03-06T23:37:06.613Z"}
{"message":"Parameter \"filter\" to find() must be an object, got 5c80537cd271f953a42e28eb","stack":"ObjectParameterError: Parameter \"filter\" to find() must be an object, got 5c80537cd271f953a42e28eb\n    at new ObjectParameterError (/Users/tlile1429/Desktop/my-example-app/node_modules/mongoose/lib/error/objectParameter.js:25:11)\n    at model.Query.Query.find (/Users/tlile1429/Desktop/my-example-app/node_modules/mongoose/lib/query.js:1842:16)\n    at Function.find (/Users/tlile1429/Desktop/my-example-app/node_modules/mongoose/lib/model.js:1810:13)\n    at router.get (/Users/tlile1429/Desktop/my-example-app/routes/users.js:15:28)\n    at /Users/tlile1429/Desktop/my-example-app/node_modules/express-async-errors/index.js:17:20\n    at Layer.handle [as handle_request] (/Users/tlile1429/Desktop/my-example-app/node_modules/express/lib/router/layer.js:95:5)\n    at next (/Users/tlile1429/Desktop/my-example-app/node_modules/express/lib/router/route.js:137:13)\n    at module.exports (/Users/tlile1429/Desktop/my-example-app/middleware/admin.js:8:3)\n    at /Users/tlile1429/Desktop/my-example-app/node_modules/express-async-errors/index.js:17:20\n    at Layer.handle [as handle_request] (/Users/tlile1429/Desktop/my-example-app/node_modules/express/lib/router/layer.js:95:5)\n    at next (/Users/tlile1429/Desktop/my-example-app/node_modules/express/lib/router/route.js:137:13)\n    at module.exports (/Users/tlile1429/Desktop/my-example-app/middleware/auth.js:13:5)\n    at /Users/tlile1429/Desktop/my-example-app/node_modules/express-async-errors/index.js:17:20\n    at Layer.handle [as handle_request] (/Users/tlile1429/Desktop/my-example-app/node_modules/express/lib/router/layer.js:95:5)\n    at next (/Users/tlile1429/Desktop/my-example-app/node_modules/express/lib/router/route.js:137:13)\n    at Route.dispatch (/Users/tlile1429/Desktop/my-example-app/node_modules/express/lib/router/route.js:112:3)","name":"ObjectParameterError","level":"error","timestamp":"2019-03-06T23:37:10.061Z"}
{"level":"info","message":"Listening on port 3900...","timestamp":"2019-03-06T23:38:08.491Z"}
{"level":"info","message":"Connected to mongodb://localhost/my-example-app...","timestamp":"2019-03-06T23:38:08.526Z"}
{"message":"Parameter \"filter\" to find() must be an object, got 5c80537cd271f953a42e28eb","stack":"ObjectParameterError: Parameter \"filter\" to find() must be an object, got 5c80537cd271f953a42e28eb\n    at new ObjectParameterError (/Users/tlile1429/Desktop/my-example-app/node_modules/mongoose/lib/error/objectParameter.js:25:11)\n    at model.Query.Query.find (/Users/tlile1429/Desktop/my-example-app/node_modules/mongoose/lib/query.js:1842:16)\n    at Function.find (/Users/tlile1429/Desktop/my-example-app/node_modules/mongoose/lib/model.js:1810:13)\n    at router.get (/Users/tlile1429/Desktop/my-example-app/routes/users.js:15:28)\n    at /Users/tlile1429/Desktop/my-example-app/node_modules/express-async-errors/index.js:17:20\n    at Layer.handle [as handle_request] (/Users/tlile1429/Desktop/my-example-app/node_modules/express/lib/router/layer.js:95:5)\n    at next (/Users/tlile1429/Desktop/my-example-app/node_modules/express/lib/router/route.js:137:13)\n    at module.exports (/Users/tlile1429/Desktop/my-example-app/middleware/admin.js:8:3)\n    at /Users/tlile1429/Desktop/my-example-app/node_modules/express-async-errors/index.js:17:20\n    at Layer.handle [as handle_request] (/Users/tlile1429/Desktop/my-example-app/node_modules/express/lib/router/layer.js:95:5)\n    at next (/Users/tlile1429/Desktop/my-example-app/node_modules/express/lib/router/route.js:137:13)\n    at module.exports (/Users/tlile1429/Desktop/my-example-app/middleware/auth.js:13:5)\n    at /Users/tlile1429/Desktop/my-example-app/node_modules/express-async-errors/index.js:17:20\n    at Layer.handle [as handle_request] (/Users/tlile1429/Desktop/my-example-app/node_modules/express/lib/router/layer.js:95:5)\n    at next (/Users/tlile1429/Desktop/my-example-app/node_modules/express/lib/router/route.js:137:13)\n    at Route.dispatch (/Users/tlile1429/Desktop/my-example-app/node_modules/express/lib/router/route.js:112:3)","name":"ObjectParameterError","level":"error","timestamp":"2019-03-06T23:38:13.764Z"}
{"level":"info","message":"Listening on port 3900...","timestamp":"2019-03-06T23:43:59.382Z"}
{"level":"info","message":"Connected to mongodb://localhost/my-example-app...","timestamp":"2019-03-06T23:43:59.416Z"}
{"level":"info","message":"Listening on port 3900...","timestamp":"2019-03-06T23:44:06.621Z"}
{"level":"info","message":"Connected to mongodb://localhost/my-example-app...","timestamp":"2019-03-06T23:44:06.657Z"}
{"message":"Parameter \"filter\" to find() must be an object, got 5c80537cd271f953a42e28eb","stack":"ObjectParameterError: Parameter \"filter\" to find() must be an object, got 5c80537cd271f953a42e28eb\n    at new ObjectParameterError (/Users/tlile1429/Desktop/my-example-app/node_modules/mongoose/lib/error/objectParameter.js:25:11)\n    at model.Query.Query.find (/Users/tlile1429/Desktop/my-example-app/node_modules/mongoose/lib/query.js:1842:16)\n    at Function.find (/Users/tlile1429/Desktop/my-example-app/node_modules/mongoose/lib/model.js:1810:13)\n    at router.get (/Users/tlile1429/Desktop/my-example-app/routes/users.js:15:28)\n    at /Users/tlile1429/Desktop/my-example-app/node_modules/express-async-errors/index.js:17:20\n    at Layer.handle [as handle_request] (/Users/tlile1429/Desktop/my-example-app/node_modules/express/lib/router/layer.js:95:5)\n    at next (/Users/tlile1429/Desktop/my-example-app/node_modules/express/lib/router/route.js:137:13)\n    at module.exports (/Users/tlile1429/Desktop/my-example-app/middleware/admin.js:8:3)\n    at /Users/tlile1429/Desktop/my-example-app/node_modules/express-async-errors/index.js:17:20\n    at Layer.handle [as handle_request] (/Users/tlile1429/Desktop/my-example-app/node_modules/express/lib/router/layer.js:95:5)\n    at next (/Users/tlile1429/Desktop/my-example-app/node_modules/express/lib/router/route.js:137:13)\n    at module.exports (/Users/tlile1429/Desktop/my-example-app/middleware/auth.js:13:5)\n    at /Users/tlile1429/Desktop/my-example-app/node_modules/express-async-errors/index.js:17:20\n    at Layer.handle [as handle_request] (/Users/tlile1429/Desktop/my-example-app/node_modules/express/lib/router/layer.js:95:5)\n    at next (/Users/tlile1429/Desktop/my-example-app/node_modules/express/lib/router/route.js:137:13)\n    at Route.dispatch (/Users/tlile1429/Desktop/my-example-app/node_modules/express/lib/router/route.js:112:3)","name":"ObjectParameterError","level":"error","timestamp":"2019-03-06T23:47:59.310Z"}
{"level":"info","message":"Listening on port 3900...","timestamp":"2019-03-06T23:48:31.465Z"}
{"level":"info","message":"Connected to mongodb://localhost/my-example-app...","timestamp":"2019-03-06T23:48:31.500Z"}
{"level":"info","message":"Listening on port 3900...","timestamp":"2019-03-06T23:50:55.897Z"}
{"level":"info","message":"Connected to mongodb://localhost/my-example-app...","timestamp":"2019-03-06T23:50:55.929Z"}
{"level":"info","message":"Listening on port 3900...","timestamp":"2019-03-06T23:51:06.761Z"}
{"level":"info","message":"Connected to mongodb://localhost/my-example-app...","timestamp":"2019-03-06T23:51:06.796Z"}
{"level":"info","message":"Listening on port 3900...","timestamp":"2019-03-06T23:52:50.603Z"}
{"level":"info","message":"Connected to mongodb://localhost/my-example-app...","timestamp":"2019-03-06T23:52:50.643Z"}
{"level":"info","message":"Listening on port 3900...","timestamp":"2019-03-06T23:53:11.916Z"}
{"level":"info","message":"Connected to mongodb://localhost/my-example-app...","timestamp":"2019-03-06T23:53:11.948Z"}
{"level":"info","message":"Listening on port 3900...","timestamp":"2019-03-07T01:48:52.266Z"}
{"level":"info","message":"Connected to mongodb://localhost/my-example-app...","timestamp":"2019-03-07T01:48:52.299Z"}
